2024-07-17 04:26:12,088 - pyswarms.single.global_best - INFO - Optimize for 100 iters with {'c1': 0.5, 'c2': 0.3, 'w': 0.9}
2024-07-17 04:27:05,705 - pyswarms.single.global_best - INFO - Optimize for 100 iters with {'c1': 0.5, 'c2': 0.3, 'w': 0.9}
2024-07-17 04:27:48,102 - pyswarms.single.global_best - INFO - Optimize for 100 iters with {'c1': 0.5, 'c2': 0.3, 'w': 0.9}
2024-07-17 04:39:39,861 - pyswarms.single.global_best - INFO - Optimize for 100 iters with {'c1': 0.5, 'c2': 0.3, 'w': 0.9}
2024-07-17 04:50:47,360 - pyswarms.single.global_best - INFO - Optimize for 100 iters with {'c1': 0.5, 'c2': 0.3, 'w': 0.9}
2024-07-17 04:51:10,401 - pyswarms.single.global_best - INFO - Optimize for 100 iters with {'c1': 0.5, 'c2': 0.3, 'w': 0.9}
2024-07-17 18:02:42,288 - pyswarms.single.global_best - INFO - Optimize for 100 iters with {'c1': 0.5, 'c2': 0.3, 'w': 0.9}
2024-07-17 18:55:22,395 - pyswarms.single.global_best - INFO - Optimize for 1000 iters with {'c1': 0.5, 'c2': 0.3, 'w': 0.9}
2024-07-17 19:07:49,565 - pyswarms.single.global_best - INFO - Optimize for 1000 iters with {'c1': 0.5, 'c2': 0.3, 'w': 0.9}
2024-07-17 19:18:32,796 - pyswarms.single.global_best - INFO - Optimize for 1000 iters with {'c1': 0.5, 'c2': 0.3, 'w': 0.9}
2024-07-17 19:19:19,607 - pyswarms.single.global_best - INFO - Optimize for 1000 iters with {'c1': 0.5, 'c2': 0.3, 'w': 0.9}
2024-07-17 20:18:54,657 - pyswarms.single.global_best - INFO - Optimize for 100 iters with {'c1': 0.5, 'c2': 0.3, 'w': 0.9}
2024-07-17 20:19:17,011 - pyswarms.single.global_best - INFO - Optimize for 100 iters with {'c1': 0.5, 'c2': 0.3, 'w': 0.9}
2024-07-17 20:19:47,329 - pyswarms.single.global_best - INFO - Optimize for 100 iters with {'c1': 0.5, 'c2': 0.3, 'w': 0.9}
2024-07-17 23:24:29,128 - pyswarms.single.global_best - INFO - Optimize for 100 iters with {'c1': 0.5, 'c2': 0.3, 'w': 0.9}
2024-07-17 23:24:49,420 - pyswarms.single.global_best - INFO - Optimize for 100 iters with {'c1': 0.5, 'c2': 0.3, 'w': 0.9}
2024-07-17 23:30:13,742 - pyswarms.single.global_best - INFO - Optimize for 100 iters with {'c1': 0.5, 'c2': 0.3, 'w': 0.9}
2024-07-18 00:32:16,605 - pyswarms.single.global_best - INFO - Optimize for 100 iters with {'c1': 0.5, 'c2': 0.3, 'w': 0.9}
2024-07-18 00:41:20,635 - pyswarms.single.global_best - INFO - Optimize for 100 iters with {'c1': 0.5, 'c2': 0.3, 'w': 0.9}
2024-07-18 00:53:40,503 - pyswarms.single.global_best - INFO - Optimize for 100 iters with {'c1': 0.5, 'c2': 0.3, 'w': 0.9}
2024-07-18 00:55:24,020 - pyswarms.single.global_best - INFO - Optimize for 100 iters with {'c1': 0.5, 'c2': 0.3, 'w': 0.9}
2024-07-18 02:38:55,583 - pyswarms.single.global_best - INFO - Optimization finished | best cost: 62586.453805968915, best pos: [ 0.          0.          0.          0.          0.          0.
  0.          0.          0.          0.          0.          0.
  0.01758242  0.          0.14520186  0.          0.          0.
  0.0494819   0.          0.293785    0.          0.23274952  0.29996152
  0.11306908  0.          0.05703698  0.          0.23780251  0.04586907
  0.1301143   0.14389011  0.3030244   0.0842512   0.24526081  0.22500384
  0.10258791  0.12394622  0.05869081  0.07379745  0.27130919  0.18959616
  0.          0.01244949  0.24593331  0.09644204  0.05856822  0.1691629
  0.          0.1434304   0.04939047  0.1258302   0.29006594  0.33441518
  0.          0.14339602  0.17575042  0.13069735  0.18655807  0.20468715
  0.          0.02261974  0.11113008  0.06105324  0.05835196  0.23547127
  0.          0.13207479  0.13866632  0.0697265   0.28339814  0.02617485
  0.          0.1347934   0.1563624   0.13170342  0.24556316  0.21928971
  0.          0.11370842  0.26117483  0.04775006  0.30455175  0.19911747
  0.          0.10714489  0.34090866  0.02704386  0.04397558  0.03830473
 -0.115747    0.0123568  -0.15181831  0.2122871  -0.05509591  0.05217794
 -0.02529842  0.2129616   0.18966456 -0.01990647  0.05870854 -0.07806897
 -0.13233459  0.0580891   0.00248501 -0.05642492  0.13714827 -0.09304655
 -0.01639679  0.13770251  0.20136948  0.17192844  0.14565763 -0.21685634
 -0.07136813  0.0168169  -0.11401186  0.0946377   0.07998315 -0.11202137
 -0.06641556  0.00754309  0.09591323 -0.22276925 -0.1632825  -0.08830946
 -0.01520217  0.24072214  0.05711998  0.23498209  0.19285974  0.17604281
 -0.13853956  0.20971777  0.01979431  0.17564626 -0.00123745 -0.24664505
 -0.19188741  0.15118062  0.20293332 -0.22856752 -0.00683095  0.12316482
 -0.11960604  0.04094687 -0.04965519  0.07946864  0.19123431 -0.07376457
 -0.21477271  0.14229713 -0.2257066   0.10676731 -0.09220964 -0.21079085
 -0.04201252  0.00877555  0.07295491  0.03262293 -0.06412439 -0.01177315
 -0.18873739  0.15867995  0.07387769 -0.12824193  0.23189601  0.19612657
 -0.21583864  0.14363163 -0.16134531 -0.02530912 -0.16072483  0.21679972
 -0.14605766  0.10997227  0.08130131  0.02580918  0.12322915 -0.16638469]
2024-07-18 21:40:08,615 - pyswarms.single.global_best - INFO - Optimize for 100 iters with {'c1': 0.5, 'c2': 0.3, 'w': 0.9}
2024-07-19 02:09:36,137 - pyswarms.single.global_best - INFO - Optimize for 100 iters with {'c1': 0.5, 'c2': 0.3, 'w': 0.9}
